train_01
в”њв”Ђв”Ђ testoutput_CAV_data_2022-03-15-09-54-40_0
в”‚В В  в”њв”Ђв”Ђ 000000
в”‚В В  в”‚В В  в”њв”Ђв”Ђ agent_0.png
в”‚В В  в”‚В В  в””в”Ђв”Ђ agent_1.png
в”‚В В  в”њв”Ђв”Ђ 000030
в”‚В В  в”‚В В  в”њв”Ђв”Ђ agent_0.png
в”‚В В  в”‚В В  в””в”Ђв”Ђ agent_1.png
в”‚В В  в”њв”Ђв”Ђ 000060
в”‚В В  в”‚В В  в”њв”Ђв”Ђ agent_0.png
в”‚В В  в”‚В В  в””в”Ђв”Ђ agent_1.png
в”‚В В  в”њв”Ђв”Ђ 000090
в”‚В В  в”‚В В  в”њв”Ђв”Ђ agent_0.png
в”‚В В  в”‚В В  в””в”Ђв”Ђ agent_1.png
в”‚В В  в””в”Ђв”Ђ 000120
в”‚В В      в”њв”Ђв”Ђ agent_0.png
в”‚В В      в””в”Ђв”Ђ agent_1.png
в”њв”Ђв”Ђ testoutput_CAV_data_2022-03-15-09-54-40_1
в”‚В В  в”њв”Ђв”Ђ 000000
в”‚В В  в”‚В В  в”њв”Ђв”Ђ agent_0.png
в”‚В В  в”‚В В  в””в”Ђв”Ђ agent_1.png
в”‚В В  в”њв”Ђв”Ђ 000030
в”‚В В  в”‚В В  в”њв”Ђв”Ђ agent_0.png
в”‚В В  в”‚В В  в””в”Ђв”Ђ agent_1.png
в”‚В В  в”њв”Ђв”Ђ 000060
в”‚В В  в”‚В В  в”њв”Ђв”Ђ agent_0.png
в”‚В В  в”‚В В  в””в”Ђв”Ђ agent_1.png
в”‚В В  в”њв”Ђв”Ђ 000090
в”‚В В  в”‚В В  в”њв”Ђв”Ђ agent_0.png
в”‚В В  в”‚В В  в””в”Ђв”Ђ agent_1.png
в”‚В В  в”њв”Ђв”Ђ 000120
в”‚В В  в”‚В В  в”њв”Ђв”Ђ agent_0.png
в”‚В В  в”‚В В  в””в”Ђв”Ђ agent_1.png
в”‚В В  в”њв”Ђв”Ђ 000150
в”‚В В  в”‚В В  в”њв”Ђв”Ђ agent_0.png
в”‚В В  в”‚В В  в””в”Ђв”Ђ agent_1.png
в”‚В В  в”њв”Ђв”Ђ 000180
в”‚В В  в”‚В В  в”њв”Ђв”Ђ agent_0.png
в”‚В В  в”‚В В  в””в”Ђв”Ђ agent_1.png
в”‚В В  в”њв”Ђв”Ђ 000210
в”‚В В  в”‚В В  в”њв”Ђв”Ђ agent_0.png
в”‚В В  в”‚В В  в””в”Ђв”Ђ agent_1.png
в”‚В В  в”њв”Ђв”Ђ 000240
в”‚В В  в”‚В В  в”њв”Ђв”Ђ agent_0.png
в”‚В В  в”‚В В  в””в”Ђв”Ђ agent_1.png
в”‚В В  в”њв”Ђв”Ђ 000270
в”‚В В  в”‚В В  в”њв”Ђв”Ђ agent_0.png
в”‚В В  в”‚В В  в””в”Ђв”Ђ agent_1.png
в”‚В В  в”њв”Ђв”Ђ 000300
в”‚В В  в”‚В В  в”њв”Ђв”Ђ agent_0.png
в”‚В В  в”‚В В  в””в”Ђв”Ђ agent_1.png
в”‚В В  в”њв”Ђв”Ђ 000330
в”‚В В  в”‚В В  в”њв”Ђв”Ђ agent_0.png
в”‚В В  в”‚В В  в””в”Ђв”Ђ agent_1.png
в”‚В В  в”њв”Ђв”Ђ 000360
в”‚В В  в”‚В В  в”њв”Ђв”Ђ agent_0.png
в”‚В В  в”‚В В  в””в”Ђв”Ђ agent_1.png
в”‚В В  в””в”Ђв”Ђ 000390
в”‚В В      в”њв”Ђв”Ђ agent_0.png
в”‚В В      в””в”Ђв”Ђ agent_1.png
в”њв”Ђв”Ђ testoutput_CAV_data_2022-03-15-09-54-40_2
в”‚В В  в”њв”Ђв”Ђ 000000
в”‚В В  в”‚В В  в”њв”Ђв”Ђ agent_0.png
в”‚В В  в”‚В В  в””в”Ђв”Ђ agent_1.png
в”‚В В  в”њв”Ђв”Ђ 000030
в”‚В В  в”‚В В  в”њв”Ђв”Ђ agent_0.png
в”‚В В  в”‚В В  в””в”Ђв”Ђ agent_1.png
в”‚В В  в”њв”Ђв”Ђ 000060
в”‚В В  в”‚В В  в”њв”Ђв”Ђ agent_0.png
в”‚В В  в”‚В В  в””в”Ђв”Ђ agent_1.png
в”‚В В  в”њв”Ђв”Ђ 000090
в”‚В В  в”‚В В  в”њв”Ђв”Ђ agent_0.png
в”‚В В  в”‚В В  в””в”Ђв”Ђ agent_1.png
в”‚В В  в”њв”Ђв”Ђ 000120
в”‚В В  в”‚В В  в”њв”Ђв”Ђ agent_0.png
в”‚В В  в”‚В В  в””в”Ђв”Ђ agent_1.png
в”‚В В  в””в”Ђв”Ђ 000150
в”‚В В      в”њв”Ђв”Ђ agent_0.png
в”‚В В      в””в”Ђв”Ђ agent_1.png
в””в”Ђв”Ђ testoutput_CAV_data_2022-03-15-10-09-50_0
    в”њв”Ђв”Ђ 000000
    в”‚В В  в”њв”Ђв”Ђ agent_0.png
    в”‚В В  в””в”Ђв”Ђ agent_1.png
    в”њв”Ђв”Ђ 000030
    в”‚В В  в”њв”Ђв”Ђ agent_0.png
    в”‚В В  в””в”Ђв”Ђ agent_1.png
    в”њв”Ђв”Ђ 000060
    в”‚В В  в”њв”Ђв”Ђ agent_0.png
    в”‚В В  в””в”Ђв”Ђ agent_1.png
    в”њв”Ђв”Ђ 000090
    в”‚В В  в”њв”Ђв”Ђ agent_0.png
    в”‚В В  в””в”Ђв”Ђ agent_1.png
    в”њв”Ђв”Ђ 000120
    в”‚В В  в”њв”Ђв”Ђ agent_0.png
    в”‚В В  в””в”Ђв”Ђ agent_1.png
    в”њв”Ђв”Ђ 000150
    в”‚В В  в”њв”Ђв”Ђ agent_0.png
    в”‚В В  в””в”Ђв”Ђ agent_1.png
    в”њв”Ђв”Ђ 000180
    в”‚В В  в”њв”Ђв”Ђ agent_0.png
    в”‚В В  в””в”Ђв”Ђ agent_1.png
    в”њв”Ђв”Ђ 000210
    в”‚В В  в”њв”Ђв”Ђ agent_0.png
    в”‚В В  в””в”Ђв”Ђ agent_1.png
    в”њв”Ђв”Ђ 000240
    в”‚В В  в”њв”Ђв”Ђ agent_0.png
    в”‚В В  в””в”Ђв”Ђ agent_1.png
    в”њв”Ђв”Ђ 000270
    в”‚В В  в”њв”Ђв”Ђ agent_0.png
    в”‚В В  в””в”Ђв”Ђ agent_1.png
    в”њв”Ђв”Ђ 000300
    в”‚В В  в”њв”Ђв”Ђ agent_0.png
    в”‚В В  в””в”Ђв”Ђ agent_1.png
    в”њв”Ђв”Ђ 000330
    в”‚В В  в”њв”Ђв”Ђ agent_0.png
    в”‚В В  в””в”Ђв”Ђ agent_1.png
    в”њв”Ђв”Ђ 000360
    в”‚В В  в”њв”Ђв”Ђ agent_0.png
    в”‚В В  в””в”Ђв”Ђ agent_1.png
    в”њв”Ђв”Ђ 000390
    в”‚В В  в”њв”Ђв”Ђ agent_0.png
    в”‚В В  в””в”Ђв”Ђ agent_1.png
    в”њв”Ђв”Ђ 000420
    в”‚В В  в”њв”Ђв”Ђ agent_0.png
    в”‚В В  в””в”Ђв”Ђ agent_1.png
    в”њв”Ђв”Ђ 000450
    в”‚В В  в”њв”Ђв”Ђ agent_0.png
    в”‚В В  в””в”Ђв”Ђ agent_1.png
    в”њв”Ђв”Ђ 000480
    в”‚В В  в”њв”Ђв”Ђ agent_0.png
    в”‚В В  в””в”Ђв”Ђ agent_1.png
    в”њв”Ђв”Ђ 000510
    в”‚В В  в”њв”Ђв”Ђ agent_0.png
    в”‚В В  в””в”Ђв”Ђ agent_1.png
    в”њв”Ђв”Ђ 000540
    в”‚В В  в”њв”Ђв”Ђ agent_0.png
    в”‚В В  в””в”Ђв”Ђ agent_1.png
    в”њв”Ђв”Ђ 000570
    в”‚В В  в”њв”Ђв”Ђ agent_0.png
    в”‚В В  в””в”Ђв”Ђ agent_1.png
    в”њв”Ђв”Ђ 000600
    в”‚В В  в”њв”Ђв”Ђ agent_0.png
    в”‚В В  в””в”Ђв”Ђ agent_1.png
    в”њв”Ђв”Ђ 000630
    в”‚В В  в”њв”Ђв”Ђ agent_0.png
    в”‚В В  в””в”Ђв”Ђ agent_1.png
    в”њв”Ђв”Ђ 000660
    в”‚В В  в”њв”Ђв”Ђ agent_0.png
    в”‚В В  в””в”Ђв”Ђ agent_1.png
    в”њв”Ђв”Ђ 000690
    в”‚В В  в”њв”Ђв”Ђ agent_0.png
    в”‚В В  в””в”Ђв”Ђ agent_1.png
    в”њв”Ђв”Ђ 000720
    в”‚В В  в”њв”Ђв”Ђ agent_0.png
    в”‚В В  в””в”Ђв”Ђ agent_1.png
    в”њв”Ђв”Ђ 000750
    в”‚В В  в”њв”Ђв”Ђ agent_0.png
    в”‚В В  в””в”Ђв”Ђ agent_1.png
    в”њв”Ђв”Ђ 000780
    в”‚В В  в”њв”Ђв”Ђ agent_0.png
    в”‚В В  в””в”Ђв”Ђ agent_1.png
    в”њв”Ђв”Ђ 000810
    в”‚В В  в”њв”Ђв”Ђ agent_0.png
    в”‚В В  в””в”Ђв”Ђ agent_1.png
    в”њв”Ђв”Ђ 000840
    в”‚В В  в”њв”Ђв”Ђ agent_0.png
    в”‚В В  в””в”Ђв”Ђ agent_1.png
    в”њв”Ђв”Ђ 000870
    в”‚В В  в”њв”Ђв”Ђ agent_0.png
    в”‚В В  в””в”Ђв”Ђ agent_1.png
    в”њв”Ђв”Ђ 000900
    в”‚В В  в”њв”Ђв”Ђ agent_0.png
    в”‚В В  в””в”Ђв”Ђ agent_1.png
    в”њв”Ђв”Ђ 000930
    в”‚В В  в”њв”Ђв”Ђ agent_0.png
    в”‚В В  в””в”Ђв”Ђ agent_1.png
    в”њв”Ђв”Ђ 000960
    в”‚В В  в”њв”Ђв”Ђ agent_0.png
    в”‚В В  в””в”Ђв”Ђ agent_1.png
    в”њв”Ђв”Ђ 000990
    в”‚В В  в”њв”Ђв”Ђ agent_0.png
    в”‚В В  в””в”Ђв”Ђ agent_1.png
    в”њв”Ђв”Ђ 001020
    в”‚В В  в”њв”Ђв”Ђ agent_0.png
    в”‚В В  в””в”Ђв”Ђ agent_1.png
    в”њв”Ђв”Ђ 001050
    в”‚В В  в”њв”Ђв”Ђ agent_0.png
    в”‚В В  в””в”Ђв”Ђ agent_1.png
    в”њв”Ђв”Ђ 001080
    в”‚В В  в”њв”Ђв”Ђ agent_0.png
    в”‚В В  в””в”Ђв”Ђ agent_1.png
    в”њв”Ђв”Ђ 001110
    в”‚В В  в”њв”Ђв”Ђ agent_0.png
    в”‚В В  в””в”Ђв”Ђ agent_1.png
    в”њв”Ђв”Ђ 001140
    в”‚В В  в”њв”Ђв”Ђ agent_0.png
    в”‚В В  в””в”Ђв”Ђ agent_1.png
    в”њв”Ђв”Ђ 001170
    в”‚В В  в”њв”Ђв”Ђ agent_0.png
    в”‚В В  в””в”Ђв”Ђ agent_1.png
    в”њв”Ђв”Ђ 001200
    в”‚В В  в”њв”Ђв”Ђ agent_0.png
    в”‚В В  в””в”Ђв”Ђ agent_1.png
    в””в”Ђв”Ђ 001230
        в”њв”Ђв”Ђ agent_0.png
        в””в”Ђв”Ђ agent_1.png

71 directories, 134 files
