=== Job info ===
Job ID:    2939737
Node:      ixl01
Started:   jeu 21 mai 2026 04:21:00 CEST
GPUs:      0,1,2,3

Thu May 21 04:21:21 2026       
+---------------------------------------------------------------------------------------+
| NVIDIA-SMI 535.154.05             Driver Version: 535.154.05   CUDA Version: 12.2     |
|-----------------------------------------+----------------------+----------------------+
| GPU  Name                 Persistence-M | Bus-Id        Disp.A | Volatile Uncorr. ECC |
| Fan  Temp   Perf          Pwr:Usage/Cap |         Memory-Usage | GPU-Util  Compute M. |
|                                         |                      |               MIG M. |
|=========================================+======================+======================|
|   0  Tesla V100-SXM2-32GB           On  | 00000000:3A:00.0 Off |                  Off |
| N/A   30C    P0              38W / 300W |      0MiB / 32768MiB |      0%      Default |
|                                         |                      |                  N/A |
+-----------------------------------------+----------------------+----------------------+
|   1  Tesla V100-SXM2-32GB           On  | 00000000:3B:00.0 Off |                  Off |
| N/A   29C    P0              37W / 300W |      0MiB / 32768MiB |      0%      Default |
|                                         |                      |                  N/A |
+-----------------------------------------+----------------------+----------------------+
|   2  Tesla V100-SXM2-32GB           On  | 00000000:B2:00.0 Off |                  Off |
| N/A   29C    P0              38W / 300W |      0MiB / 32768MiB |      0%      Default |
|                                         |                      |                  N/A |
+-----------------------------------------+----------------------+----------------------+
|   3  Tesla V100-SXM2-32GB           On  | 00000000:B3:00.0 Off |                  Off |
| N/A   29C    P0              38W / 300W |      0MiB / 32768MiB |      0%      Default |
|                                         |                      |                  N/A |
+-----------------------------------------+----------------------+----------------------+
                                                                                         
+---------------------------------------------------------------------------------------+
| Processes:                                                                            |
|  GPU   GI   CI        PID   Type   Process name                            GPU Memory |
|        ID   ID                                                             Usage      |
|=======================================================================================|
|  No running processes found                                                           |
+---------------------------------------------------------------------------------------+

PYTHONPATH: :/scratch/izar/faresse/v2v-got/cs503-v2v-project/code/V2V-GoT/DMSTrack/AB3DMOT:/scratch/izar/faresse/v2v-got/cs503-v2v-project/code/V2V-GoT/DMSTrack/AB3DMOT/Xinshuo_PyToolbox:/scratch/izar/faresse/v2v-got/cs503-v2v-project/code/V2V-GoT/DMSTrack/V2V4Real:/scratch/izar/faresse/v2v-got/cs503-v2v-project/code/V2V-GoT/DMSTrack:/scratch/izar/faresse/v2v-got/cs503-v2v-project/code/V2V-GoT/LLaVA
HF_HOME:    /scratch/izar/faresse/hf_cache
ulimit -n:  65536

=== Starting V2V-GoT Finetuning pipeline (with sat descriptions) ===
Time: jeu 21 mai 2026 04:21:22 CEST


=== Pipeline finished ===
Time: jeu 21 mai 2026 04:21:22 CEST
