=== Job info ===
Job ID:    2944073
Nodes:     2
Nodelist:  i32,ixl01
Started:   ven 22 mai 2026 23:07:07 CEST
GPUs:      0,1

Generated DeepSpeed hostfile at /scratch/izar/faresse/v2v-got/cs503-v2v-project/code/V2V-GoT/LLaVA/hostfile_ds_2944073:
i32 slots=2
ixl01 slots=2

Fri May 22 23:07:49 2026       
+---------------------------------------------------------------------------------------+
| NVIDIA-SMI 535.154.05             Driver Version: 535.154.05   CUDA Version: 12.2     |
|-----------------------------------------+----------------------+----------------------+
| GPU  Name                 Persistence-M | Bus-Id        Disp.A | Volatile Uncorr. ECC |
| Fan  Temp   Perf          Pwr:Usage/Cap |         Memory-Usage | GPU-Util  Compute M. |
|                                         |                      |               MIG M. |
|=========================================+======================+======================|
|   0  Tesla V100-PCIE-32GB           On  | 00000000:86:00.0 Off |                  Off |
| N/A   30C    P0              23W / 250W |      0MiB / 32768MiB |      0%      Default |
|                                         |                      |                  N/A |
+-----------------------------------------+----------------------+----------------------+
|   1  Tesla V100-PCIE-32GB           On  | 00000000:D8:00.0 Off |                  Off |
| N/A   29C    P0              23W / 250W |      0MiB / 32768MiB |      0%      Default |
|                                         |                      |                  N/A |
+-----------------------------------------+----------------------+----------------------+
                                                                                         
+---------------------------------------------------------------------------------------+
| Processes:                                                                            |
|  GPU   GI   CI        PID   Type   Process name                            GPU Memory |
|        ID   ID                                                             Usage      |
|=======================================================================================|
|  No running processes found                                                           |
+---------------------------------------------------------------------------------------+

PYTHONPATH: :/scratch/izar/faresse/v2v-got/cs503-v2v-project/code/V2V-GoT/DMSTrack/AB3DMOT:/scratch/izar/faresse/v2v-got/cs503-v2v-project/code/V2V-GoT/DMSTrack/AB3DMOT/Xinshuo_PyToolbox:/scratch/izar/faresse/v2v-got/cs503-v2v-project/code/V2V-GoT/DMSTrack/V2V4Real:/scratch/izar/faresse/v2v-got/cs503-v2v-project/code/V2V-GoT/DMSTrack:/scratch/izar/faresse/v2v-got/cs503-v2v-project/code/V2V-GoT/LLaVA
HF_HOME:    /scratch/izar/faresse/hf_cache
ulimit -n:  65536

=== Starting V2V-GoT Finetuning pipeline (with sat descriptions) ===
Time: ven 22 mai 2026 23:07:49 CEST

[2026-05-22 23:08:58,818] [INFO] [real_accelerator.py:161:get_accelerator] Setting ds_accelerator to cuda (auto detect)
[2026-05-22 23:09:58,800] [INFO] [runner.py:463:main] Using IP address of 10.91.27.32 for node i32

=== Pipeline finished ===
Time: ven 22 mai 2026 23:10:11 CEST
