/home/faresse/miniconda3/envs/v2v/lib/python3.10/site-packages/torch/cuda/__init__.py:51: FutureWarning: The pynvml package is deprecated. Please install nvidia-ml-py instead. If you did not install pynvml directly, please report this to the maintainers of the package that installed pynvml for you.
  import pynvml  # type: ignore[import]
The cache for model files in Transformers v4.22.0 has been updated. Migrating your old cache. This is a one-time only operation. You can interrupt this and resume the migration later on by calling `transformers.utils.move_cache()`.
0it [00:00, ?it/s]0it [00:00, ?it/s]
/home/faresse/miniconda3/envs/v2v/lib/python3.10/site-packages/torch/cuda/__init__.py:51: FutureWarning: The pynvml package is deprecated. Please install nvidia-ml-py instead. If you did not install pynvml directly, please report this to the maintainers of the package that installed pynvml for you.
  import pynvml  # type: ignore[import]
/home/faresse/miniconda3/envs/v2v/lib/python3.10/site-packages/torch/cuda/__init__.py:51: FutureWarning: The pynvml package is deprecated. Please install nvidia-ml-py instead. If you did not install pynvml directly, please report this to the maintainers of the package that installed pynvml for you.
  import pynvml  # type: ignore[import]
/home/faresse/miniconda3/envs/v2v/lib/python3.10/site-packages/torch/cuda/__init__.py:51: FutureWarning: The pynvml package is deprecated. Please install nvidia-ml-py instead. If you did not install pynvml directly, please report this to the maintainers of the package that installed pynvml for you.
  import pynvml  # type: ignore[import]
Traceback (most recent call last):
Traceback (most recent call last):
  File "/home/faresse/miniconda3/envs/v2v/lib/python3.10/site-packages/transformers/utils/import_utils.py", line 1364, in _get_module
  File "/home/faresse/miniconda3/envs/v2v/lib/python3.10/site-packages/transformers/utils/import_utils.py", line 1364, in _get_module
    return importlib.import_module("." + module_name, self.__name__)
  File "/home/faresse/miniconda3/envs/v2v/lib/python3.10/importlib/__init__.py", line 126, in import_module
    return importlib.import_module("." + module_name, self.__name__)
  File "/home/faresse/miniconda3/envs/v2v/lib/python3.10/importlib/__init__.py", line 126, in import_module
    return _bootstrap._gcd_import(name[level:], package, level)    
return _bootstrap._gcd_import(name[level:], package, level)  File "<frozen importlib._bootstrap>", line 1050, in _gcd_import

  File "<frozen importlib._bootstrap>", line 1050, in _gcd_import
  File "<frozen importlib._bootstrap>", line 1027, in _find_and_load
  File "<frozen importlib._bootstrap>", line 1027, in _find_and_load
  File "<frozen importlib._bootstrap>", line 1006, in _find_and_load_unlocked
  File "<frozen importlib._bootstrap>", line 1006, in _find_and_load_unlocked
  File "<frozen importlib._bootstrap>", line 688, in _load_unlocked
  File "<frozen importlib._bootstrap>", line 688, in _load_unlocked
  File "<frozen importlib._bootstrap_external>", line 883, in exec_module
  File "<frozen importlib._bootstrap_external>", line 883, in exec_module
  File "<frozen importlib._bootstrap>", line 241, in _call_with_frames_removed
  File "<frozen importlib._bootstrap>", line 241, in _call_with_frames_removed
  File "/home/faresse/miniconda3/envs/v2v/lib/python3.10/site-packages/transformers/trainer.py", line 190, in <module>
  File "/home/faresse/miniconda3/envs/v2v/lib/python3.10/site-packages/transformers/trainer.py", line 190, in <module>
    from peft import PeftModel
  File "/home/faresse/miniconda3/envs/v2v/lib/python3.10/site-packages/peft/__init__.py", line 17, in <module>
    from peft import PeftModel
  File "/home/faresse/miniconda3/envs/v2v/lib/python3.10/site-packages/peft/__init__.py", line 17, in <module>
    from .auto import (
  File "/home/faresse/miniconda3/envs/v2v/lib/python3.10/site-packages/peft/auto.py", line 31, in <module>
    from .auto import (
  File "/home/faresse/miniconda3/envs/v2v/lib/python3.10/site-packages/peft/auto.py", line 31, in <module>
    from .config import PeftConfig
      File "/home/faresse/miniconda3/envs/v2v/lib/python3.10/site-packages/peft/config.py", line 30, in <module>
from .config import PeftConfig
  File "/home/faresse/miniconda3/envs/v2v/lib/python3.10/site-packages/peft/config.py", line 30, in <module>
    from .utils import CONFIG_NAME, PeftType, TaskType
  File "/home/faresse/miniconda3/envs/v2v/lib/python3.10/site-packages/peft/utils/__init__.py", line 17, in <module>
    from .utils import CONFIG_NAME, PeftType, TaskType
  File "/home/faresse/miniconda3/envs/v2v/lib/python3.10/site-packages/peft/utils/__init__.py", line 17, in <module>
        from .loftq_utils import replace_lora_weights_loftq
from .loftq_utils import replace_lora_weights_loftq  File "/home/faresse/miniconda3/envs/v2v/lib/python3.10/site-packages/peft/utils/loftq_utils.py", line 27, in <module>

  File "/home/faresse/miniconda3/envs/v2v/lib/python3.10/site-packages/peft/utils/loftq_utils.py", line 27, in <module>
        from accelerate.utils.memory import clear_device_cachefrom accelerate.utils.memory import clear_device_cache

ImportErrorImportError: : cannot import name 'clear_device_cache' from 'accelerate.utils.memory' (/home/faresse/miniconda3/envs/v2v/lib/python3.10/site-packages/accelerate/utils/memory.py)cannot import name 'clear_device_cache' from 'accelerate.utils.memory' (/home/faresse/miniconda3/envs/v2v/lib/python3.10/site-packages/accelerate/utils/memory.py)


The above exception was the direct cause of the following exception:


The above exception was the direct cause of the following exception:

Traceback (most recent call last):
Traceback (most recent call last):
  File "/scratch/izar/faresse/v2v-got/cs503-v2v-project/code/V2V-GoT/LLaVA/llava/train/train_mem.py", line 1, in <module>
  File "/scratch/izar/faresse/v2v-got/cs503-v2v-project/code/V2V-GoT/LLaVA/llava/train/train_mem.py", line 1, in <module>
        from llava.train.train import trainfrom llava.train.train import train

  File "/scratch/izar/faresse/v2v-got/cs503-v2v-project/code/V2V-GoT/LLaVA/llava/train/train.py", line 32, in <module>
  File "/scratch/izar/faresse/v2v-got/cs503-v2v-project/code/V2V-GoT/LLaVA/llava/train/train.py", line 32, in <module>
        from llava.train.llava_trainer import LLaVATrainerfrom llava.train.llava_trainer import LLaVATrainer

  File "/scratch/izar/faresse/v2v-got/cs503-v2v-project/code/V2V-GoT/LLaVA/llava/train/llava_trainer.py", line 7, in <module>
  File "/scratch/izar/faresse/v2v-got/cs503-v2v-project/code/V2V-GoT/LLaVA/llava/train/llava_trainer.py", line 7, in <module>
        from transformers import Trainerfrom transformers import Trainer

  File "<frozen importlib._bootstrap>", line 1075, in _handle_fromlist
  File "<frozen importlib._bootstrap>", line 1075, in _handle_fromlist
  File "/home/faresse/miniconda3/envs/v2v/lib/python3.10/site-packages/transformers/utils/import_utils.py", line 1354, in __getattr__
  File "/home/faresse/miniconda3/envs/v2v/lib/python3.10/site-packages/transformers/utils/import_utils.py", line 1354, in __getattr__
        module = self._get_module(self._class_to_module[name])module = self._get_module(self._class_to_module[name])

  File "/home/faresse/miniconda3/envs/v2v/lib/python3.10/site-packages/transformers/utils/import_utils.py", line 1366, in _get_module
  File "/home/faresse/miniconda3/envs/v2v/lib/python3.10/site-packages/transformers/utils/import_utils.py", line 1366, in _get_module
        raise RuntimeError(raise RuntimeError(

RuntimeErrorRuntimeError: : Failed to import transformers.trainer because of the following error (look up to see its traceback):
cannot import name 'clear_device_cache' from 'accelerate.utils.memory' (/home/faresse/miniconda3/envs/v2v/lib/python3.10/site-packages/accelerate/utils/memory.py)Failed to import transformers.trainer because of the following error (look up to see its traceback):
cannot import name 'clear_device_cache' from 'accelerate.utils.memory' (/home/faresse/miniconda3/envs/v2v/lib/python3.10/site-packages/accelerate/utils/memory.py)

